{"name": "DETAIL PRODUCT", "status": "broken", "statusDetails": {"message": "selenium.common.exceptions.NoSuchElementException: Message: An element could not be located on the page using the given search parameters.\nStacktrace:\nNoSuchElementError: An element could not be located on the page using the given search parameters.\n    at AndroidUiautomator2Driver.findElOrEls (e:\\Users\\85810\\AppData\\Local\\Programs\\Appium Server GUI\\resources\\app\\node_modules\\appium\\node_modules\\appium-android-driver\\lib\\commands\\find.js:75:11)\n    at runMicrotasks (<anonymous>)\n    at processTicksAndRejections (internal/process/task_queues.js:97:5)\n    at AndroidUiautomator2Driver.findElOrElsWithProcessing (e:\\Users\\85810\\AppData\\Local\\Programs\\Appium Server GUI\\resources\\app\\node_modules\\appium\\node_modules\\appium-base-driver\\lib\\basedriver\\commands\\find.js:33:12)\n    at AndroidUiautomator2Driver.findElement (e:\\Users\\85810\\AppData\\Local\\Programs\\Appium Server GUI\\resources\\app\\node_modules\\appium\\node_modules\\appium-base-driver\\lib\\basedriver\\commands\\find.js:53:10)\n", "trace": "  File \"E:\\Users\\85810\\PycharmProjects\\venv\\Lib\\site-packages\\behave\\model.py\", line 1329, in run\n    match.run(runner.context)\n  File \"E:\\Users\\85810\\PycharmProjects\\venv\\Lib\\site-packages\\behave\\matchers.py\", line 98, in run\n    self.func(context, *args, **kwargs)\n  File \"steps\\product_steps.py\", line 25, in step_impl\n    datos_product.assert_text(*datos_product.lbl_price, text=SEE_PRODUCT.get(\"price\"))\n  File \"e:\\Users\\85810\\PycharmProjects\\baz_behave\\baz_behave\\Behave\\utils\\common_actions.py\", line 13, in assert_text\n    element_text = self.find_element(*locator).text\n                   ^^^^^^^^^^^^^^^^^^^^^^^^^^^\n  File \"e:\\Users\\85810\\PycharmProjects\\baz_behave\\baz_behave\\Behave\\utils\\common_actions.py\", line 10, in find_element\n    return self.driver.find_element(*locator)\n           ^^^^^^^^^^^^^^^^^^^^^^^^^^^^^^^^^^\n  File \"E:\\Users\\85810\\PycharmProjects\\venv\\Lib\\site-packages\\appium\\webdriver\\webdriver.py\", line 409, in find_element\n    return self.execute(RemoteCommand.FIND_ELEMENT, {'using': by, 'value': value})['value']\n           ^^^^^^^^^^^^^^^^^^^^^^^^^^^^^^^^^^^^^^^^^^^^^^^^^^^^^^^^^^^^^^^^^^^^^^^\n  File \"E:\\Users\\85810\\PycharmProjects\\venv\\Lib\\site-packages\\selenium\\webdriver\\remote\\webdriver.py\", line 440, in execute\n    self.error_handler.check_response(response)\n  File \"E:\\Users\\85810\\PycharmProjects\\venv\\Lib\\site-packages\\appium\\webdriver\\errorhandler.py\", line 122, in check_response\n    raise exception_class(msg=message, stacktrace=format_stacktrace(stacktrace))\n"}, "steps": [{"name": "Given estamos en la pantalla de productos", "status": "passed", "start": 1688414348883, "stop": 1688414351762}, {"name": "When seleccionamos un producto", "status": "passed", "start": 1688414351762, "stop": 1688414353147}, {"name": "Then validar detalle del producto", "status": "broken", "statusDetails": {"message": "selenium.common.exceptions.NoSuchElementException: Message: An element could not be located on the page using the given search parameters.\nStacktrace:\nNoSuchElementError: An element could not be located on the page using the given search parameters.\n    at AndroidUiautomator2Driver.findElOrEls (e:\\Users\\85810\\AppData\\Local\\Programs\\Appium Server GUI\\resources\\app\\node_modules\\appium\\node_modules\\appium-android-driver\\lib\\commands\\find.js:75:11)\n    at runMicrotasks (<anonymous>)\n    at processTicksAndRejections (internal/process/task_queues.js:97:5)\n    at AndroidUiautomator2Driver.findElOrElsWithProcessing (e:\\Users\\85810\\AppData\\Local\\Programs\\Appium Server GUI\\resources\\app\\node_modules\\appium\\node_modules\\appium-base-driver\\lib\\basedriver\\commands\\find.js:33:12)\n    at AndroidUiautomator2Driver.findElement (e:\\Users\\85810\\AppData\\Local\\Programs\\Appium Server GUI\\resources\\app\\node_modules\\appium\\node_modules\\appium-base-driver\\lib\\basedriver\\commands\\find.js:53:10)\n", "trace": "  File \"E:\\Users\\85810\\PycharmProjects\\venv\\Lib\\site-packages\\behave\\model.py\", line 1329, in run\n    match.run(runner.context)\n  File \"E:\\Users\\85810\\PycharmProjects\\venv\\Lib\\site-packages\\behave\\matchers.py\", line 98, in run\n    self.func(context, *args, **kwargs)\n  File \"steps\\product_steps.py\", line 25, in step_impl\n    datos_product.assert_text(*datos_product.lbl_price, text=SEE_PRODUCT.get(\"price\"))\n  File \"e:\\Users\\85810\\PycharmProjects\\baz_behave\\baz_behave\\Behave\\utils\\common_actions.py\", line 13, in assert_text\n    element_text = self.find_element(*locator).text\n                   ^^^^^^^^^^^^^^^^^^^^^^^^^^^\n  File \"e:\\Users\\85810\\PycharmProjects\\baz_behave\\baz_behave\\Behave\\utils\\common_actions.py\", line 10, in find_element\n    return self.driver.find_element(*locator)\n           ^^^^^^^^^^^^^^^^^^^^^^^^^^^^^^^^^^\n  File \"E:\\Users\\85810\\PycharmProjects\\venv\\Lib\\site-packages\\appium\\webdriver\\webdriver.py\", line 409, in find_element\n    return self.execute(RemoteCommand.FIND_ELEMENT, {'using': by, 'value': value})['value']\n           ^^^^^^^^^^^^^^^^^^^^^^^^^^^^^^^^^^^^^^^^^^^^^^^^^^^^^^^^^^^^^^^^^^^^^^^\n  File \"E:\\Users\\85810\\PycharmProjects\\venv\\Lib\\site-packages\\selenium\\webdriver\\remote\\webdriver.py\", line 440, in execute\n    self.error_handler.check_response(response)\n  File \"E:\\Users\\85810\\PycharmProjects\\venv\\Lib\\site-packages\\appium\\webdriver\\errorhandler.py\", line 122, in check_response\n    raise exception_class(msg=message, stacktrace=format_stacktrace(stacktrace))\n"}, "start": 1688414353147, "stop": 1688414363175}], "start": 1688414340868, "stop": 1688414363790, "uuid": "ad076aae-c40e-49fe-8e4d-4bae812c6118", "historyId": "4f53816193b8c6a1af037e2e090ec521", "fullName": "Detalle del Producto: DETAIL PRODUCT", "labels": [{"name": "severity", "value": "normal"}, {"name": "tag", "value": "regresion"}, {"name": "feature", "value": "Detalle del Producto"}, {"name": "framework", "value": "behave"}, {"name": "language", "value": "cpython3"}]}